<?xml version="1.0" encoding="UTF-8"?>
<!-- Generated by org.testng.reporters.JUnitXMLReporter -->
<testsuite hostname="DDC5-D-608P3KJ" name="Test_demo1" tests="6" failures="0" timestamp="15 Jan 2020 06:36:42 GMT" time="48.347" errors="0">
  <testcase name="rediffLogin" time="48.269" classname="com.maven_demo.Hello_selenium"/>
  <testcase name="login" time="0.005" classname="com.maven_demo.NewTest"/>
  <testcase name="register" time="0.005" classname="com.maven_demo.NewTest"/>
  <testcase name="gmail" time="0.007" classname="com.maven_demo.testNg_demo2"/>
  <testcase name="google" time="0.003" classname="com.maven_demo.testNg_demo2"/>
  <testcase name="facebook" time="0.006" classname="com.maven_demo.testNg_demo2"/>
</testsuite> <!-- Test_demo1 -->
